  Termite.cpp
  grille.cpp
C:\Users\theom\Documents\FinalVersionProjetTermite\FinalVersionProjetTermite\grille.cpp(180,27): warning C4018: '<' : incompatibilité signed/unsigned
C:\Users\theom\Documents\FinalVersionProjetTermite\FinalVersionProjetTermite\grille.cpp(214,25): warning C4018: '<' : incompatibilité signed/unsigned
C:\Users\theom\Documents\FinalVersionProjetTermite\FinalVersionProjetTermite\grille.cpp(1567,15): warning C4244: 'argument' : conversion de 'time_t' en 'unsigned int', perte possible de données
  gui.cpp
C:\Users\theom\Documents\FinalVersionProjetTermite\FinalVersionProjetTermite\gui.cpp(54,160): warning C4244: 'argument' : conversion de 'int' en 'T', perte possible de données
          with
          [
              T=float
          ]
C:\Users\theom\Documents\FinalVersionProjetTermite\FinalVersionProjetTermite\gui.cpp(54,127): warning C4244: 'argument' : conversion de 'int' en 'T', perte possible de données
          with
          [
              T=float
          ]
C:\Users\theom\Documents\FinalVersionProjetTermite\FinalVersionProjetTermite\gui.cpp(60,213): warning C4244: 'argument' : conversion de 'int' en 'T', perte possible de données
          with
          [
              T=float
          ]
C:\Users\theom\Documents\FinalVersionProjetTermite\FinalVersionProjetTermite\gui.cpp(60,127): warning C4244: 'argument' : conversion de 'int' en 'T', perte possible de données
          with
          [
              T=float
          ]
C:\Users\theom\Documents\FinalVersionProjetTermite\FinalVersionProjetTermite\gui.cpp(66,213): warning C4244: 'argument' : conversion de 'double' en 'T', perte possible de données
          with
          [
              T=float
          ]
C:\Users\theom\Documents\FinalVersionProjetTermite\FinalVersionProjetTermite\gui.cpp(66,127): warning C4244: 'argument' : conversion de 'int' en 'T', perte possible de données
          with
          [
              T=float
          ]
C:\Users\theom\Documents\FinalVersionProjetTermite\FinalVersionProjetTermite\gui.cpp(72,213): warning C4244: 'argument' : conversion de 'int' en 'T', perte possible de données
          with
          [
              T=float
          ]
C:\Users\theom\Documents\FinalVersionProjetTermite\FinalVersionProjetTermite\gui.cpp(72,127): warning C4244: 'argument' : conversion de 'int' en 'T', perte possible de données
          with
          [
              T=float
          ]
C:\Users\theom\Documents\FinalVersionProjetTermite\FinalVersionProjetTermite\gui.cpp(78,213): warning C4244: 'argument' : conversion de 'int' en 'T', perte possible de données
          with
          [
              T=float
          ]
C:\Users\theom\Documents\FinalVersionProjetTermite\FinalVersionProjetTermite\gui.cpp(78,127): warning C4244: 'argument' : conversion de 'int' en 'T', perte possible de données
          with
          [
              T=float
          ]
C:\Users\theom\Documents\FinalVersionProjetTermite\FinalVersionProjetTermite\gui.cpp(84,213): warning C4244: 'argument' : conversion de 'int' en 'T', perte possible de données
          with
          [
              T=float
          ]
C:\Users\theom\Documents\FinalVersionProjetTermite\FinalVersionProjetTermite\gui.cpp(84,127): warning C4244: 'argument' : conversion de 'int' en 'T', perte possible de données
          with
          [
              T=float
          ]
C:\Users\theom\Documents\FinalVersionProjetTermite\FinalVersionProjetTermite\gui.cpp(90,213): warning C4244: 'argument' : conversion de 'int' en 'T', perte possible de données
          with
          [
              T=float
          ]
C:\Users\theom\Documents\FinalVersionProjetTermite\FinalVersionProjetTermite\gui.cpp(90,127): warning C4244: 'argument' : conversion de 'int' en 'T', perte possible de données
          with
          [
              T=float
          ]
C:\Users\theom\Documents\FinalVersionProjetTermite\FinalVersionProjetTermite\gui.cpp(96,160): warning C4244: 'argument' : conversion de 'int' en 'T', perte possible de données
          with
          [
              T=float
          ]
C:\Users\theom\Documents\FinalVersionProjetTermite\FinalVersionProjetTermite\gui.cpp(96,127): warning C4244: 'argument' : conversion de 'int' en 'T', perte possible de données
          with
          [
              T=float
          ]
C:\Users\theom\Documents\FinalVersionProjetTermite\FinalVersionProjetTermite\gui.cpp(141,96): warning C4244: 'argument' : conversion de 'int' en 'T', perte possible de données
          with
          [
              T=float
          ]
C:\Users\theom\Documents\FinalVersionProjetTermite\FinalVersionProjetTermite\gui.cpp(141,63): warning C4244: 'argument' : conversion de 'int' en 'T', perte possible de données
          with
          [
              T=float
          ]
  main.cpp
C:\Users\theom\Documents\FinalVersionProjetTermite\FinalVersionProjetTermite\main.cpp(168,9): warning C4101: 'asciiValue' : variable locale non référencée
C:\Users\theom\Documents\FinalVersionProjetTermite\FinalVersionProjetTermite\main.cpp(167,10): warning C4101: 'key' : variable locale non référencée
  Génération de code en cours...
C:\Users\theom\Documents\FinalVersionProjetTermite\FinalVersionProjetTermite\grille.cpp(149): warning C4715: 'estVide' : les chemins de contrôle ne retournent pas tous une valeur
  FinalVersionProjetTermite.vcxproj -> C:\Users\theom\Documents\FinalVersionProjetTermite\Debug\FinalVersionProjetTermite.exe
